[2025-03-01T01:14:08.076+0000] {local_task_job_runner.py:123} INFO - ::group::Pre task execution logs
[2025-03-01T01:14:08.099+0000] {taskinstance.py:2614} INFO - Dependencies all met for dep_context=non-requeueable deps ti=<TaskInstance: dag_postgres_1.generate_and_insert_orders manual__2025-03-01T01:14:05.128531+00:00 [queued]>
[2025-03-01T01:14:08.108+0000] {taskinstance.py:2614} INFO - Dependencies all met for dep_context=requeueable deps ti=<TaskInstance: dag_postgres_1.generate_and_insert_orders manual__2025-03-01T01:14:05.128531+00:00 [queued]>
[2025-03-01T01:14:08.108+0000] {taskinstance.py:2867} INFO - Starting attempt 1 of 2
[2025-03-01T01:14:08.122+0000] {taskinstance.py:2890} INFO - Executing <Task(PythonOperator): generate_and_insert_orders> on 2025-03-01 01:14:05.128531+00:00
[2025-03-01T01:14:08.133+0000] {standard_task_runner.py:104} INFO - Running: ['***', 'tasks', 'run', 'dag_postgres_1', 'generate_and_insert_orders', 'manual__2025-03-01T01:14:05.128531+00:00', '--job-id', '27', '--raw', '--subdir', 'DAGS_FOLDER/dag_generate_table_info.py', '--cfg-path', '/tmp/tmp_idpdjwb']
[2025-03-01T01:14:08.134+0000] {standard_task_runner.py:105} INFO - Job 27: Subtask generate_and_insert_orders
[2025-03-01T01:14:08.137+0000] {logging_mixin.py:190} WARNING - /home/***/.local/lib/python3.12/site-packages/***/task/task_runner/standard_task_runner.py:70 DeprecationWarning: This process (pid=26305) is multi-threaded, use of fork() may lead to deadlocks in the child.
[2025-03-01T01:14:08.138+0000] {standard_task_runner.py:72} INFO - Started process 26378 to run task
[2025-03-01T01:14:08.179+0000] {task_command.py:467} INFO - Running <TaskInstance: dag_postgres_1.generate_and_insert_orders manual__2025-03-01T01:14:05.128531+00:00 [running]> on host e6b43e607126
[2025-03-01T01:14:08.260+0000] {taskinstance.py:3134} INFO - Exporting env vars: AIRFLOW_CTX_DAG_EMAIL='kucikm23@gmail.com' AIRFLOW_CTX_DAG_OWNER='***' AIRFLOW_CTX_DAG_ID='dag_postgres_1' AIRFLOW_CTX_TASK_ID='generate_and_insert_orders' AIRFLOW_CTX_EXECUTION_DATE='2025-03-01T01:14:05.128531+00:00' AIRFLOW_CTX_TRY_NUMBER='1' AIRFLOW_CTX_DAG_RUN_ID='manual__2025-03-01T01:14:05.128531+00:00'
[2025-03-01T01:14:08.261+0000] {logging_mixin.py:190} INFO - Task instance is in running state
[2025-03-01T01:14:08.262+0000] {logging_mixin.py:190} INFO -  Previous state of the Task instance: queued
[2025-03-01T01:14:08.262+0000] {logging_mixin.py:190} INFO - Current task name:generate_and_insert_orders state:running start_date:2025-03-01 01:14:08.100061+00:00
[2025-03-01T01:14:08.262+0000] {logging_mixin.py:190} INFO - Dag name:dag_postgres_1 and current dag run status:running
[2025-03-01T01:14:08.263+0000] {taskinstance.py:732} INFO - ::endgroup::
[2025-03-01T01:14:08.360+0000] {base.py:84} INFO - Retrieving connection 'postgres_conn'
[2025-03-01T01:14:12.551+0000] {sql.py:639} INFO - Loaded 5000 rows into orders so far
[2025-03-01T01:14:16.938+0000] {sql.py:639} INFO - Loaded 5000 rows into orders so far
[2025-03-01T01:14:16.939+0000] {sql.py:652} INFO - Done loading. Loaded a total of 10000 rows into orders
[2025-03-01T01:14:16.941+0000] {python.py:240} INFO - Done. Returned value was: None
[2025-03-01T01:14:16.951+0000] {taskinstance.py:341} INFO - ::group::Post task execution logs
[2025-03-01T01:14:16.951+0000] {taskinstance.py:353} INFO - Marking task as SUCCESS. dag_id=dag_postgres_1, task_id=generate_and_insert_orders, run_id=manual__2025-03-01T01:14:05.128531+00:00, execution_date=20250301T011405, start_date=20250301T011408, end_date=20250301T011416
[2025-03-01T01:14:16.977+0000] {logging_mixin.py:190} INFO - Task instance in success state
[2025-03-01T01:14:16.978+0000] {logging_mixin.py:190} INFO -  Previous state of the Task instance: running
[2025-03-01T01:14:16.978+0000] {logging_mixin.py:190} INFO - Dag name:dag_postgres_1 queued_at:2025-03-01 01:14:05.161623+00:00
[2025-03-01T01:14:16.978+0000] {logging_mixin.py:190} INFO - Task hostname:e6b43e607126 operator:PythonOperator
[2025-03-01T01:14:17.013+0000] {local_task_job_runner.py:266} INFO - Task exited with return code 0
[2025-03-01T01:14:17.034+0000] {taskinstance.py:3901} INFO - 1 downstream tasks scheduled from follow-on schedule check
[2025-03-01T01:14:17.038+0000] {local_task_job_runner.py:245} INFO - ::endgroup::
