[2025-03-01T02:21:18.278+0000] {local_task_job_runner.py:123} INFO - ::group::Pre task execution logs
[2025-03-01T02:21:18.301+0000] {taskinstance.py:2614} INFO - Dependencies all met for dep_context=non-requeueable deps ti=<TaskInstance: dag_postgres_1.generate_orders_data manual__2025-03-01T02:21:11.688422+00:00 [queued]>
[2025-03-01T02:21:18.313+0000] {taskinstance.py:2614} INFO - Dependencies all met for dep_context=requeueable deps ti=<TaskInstance: dag_postgres_1.generate_orders_data manual__2025-03-01T02:21:11.688422+00:00 [queued]>
[2025-03-01T02:21:18.313+0000] {taskinstance.py:2867} INFO - Starting attempt 1 of 2
[2025-03-01T02:21:18.331+0000] {taskinstance.py:2890} INFO - Executing <Task(PythonOperator): generate_orders_data> on 2025-03-01 02:21:11.688422+00:00
[2025-03-01T02:21:18.343+0000] {logging_mixin.py:190} WARNING - /home/***/.local/lib/python3.12/site-packages/***/task/task_runner/standard_task_runner.py:70 DeprecationWarning: This process (pid=65348) is multi-threaded, use of fork() may lead to deadlocks in the child.
[2025-03-01T02:21:18.343+0000] {standard_task_runner.py:104} INFO - Running: ['***', 'tasks', 'run', 'dag_postgres_1', 'generate_orders_data', 'manual__2025-03-01T02:21:11.688422+00:00', '--job-id', '114', '--raw', '--subdir', 'DAGS_FOLDER/dag_generate_table_info.py', '--cfg-path', '/tmp/tmpa3b1f9jx']
[2025-03-01T02:21:18.344+0000] {standard_task_runner.py:72} INFO - Started process 65357 to run task
[2025-03-01T02:21:18.345+0000] {standard_task_runner.py:105} INFO - Job 114: Subtask generate_orders_data
[2025-03-01T02:21:18.397+0000] {task_command.py:467} INFO - Running <TaskInstance: dag_postgres_1.generate_orders_data manual__2025-03-01T02:21:11.688422+00:00 [running]> on host e6b43e607126
[2025-03-01T02:21:18.509+0000] {taskinstance.py:3134} INFO - Exporting env vars: AIRFLOW_CTX_DAG_EMAIL='kucikm23@gmail.com' AIRFLOW_CTX_DAG_OWNER='***' AIRFLOW_CTX_DAG_ID='dag_postgres_1' AIRFLOW_CTX_TASK_ID='generate_orders_data' AIRFLOW_CTX_EXECUTION_DATE='2025-03-01T02:21:11.688422+00:00' AIRFLOW_CTX_TRY_NUMBER='1' AIRFLOW_CTX_DAG_RUN_ID='manual__2025-03-01T02:21:11.688422+00:00'
[2025-03-01T02:21:18.510+0000] {logging_mixin.py:190} INFO - Task instance is in running state
[2025-03-01T02:21:18.511+0000] {logging_mixin.py:190} INFO -  Previous state of the Task instance: queued
[2025-03-01T02:21:18.511+0000] {logging_mixin.py:190} INFO - Current task name:generate_orders_data state:running start_date:2025-03-01 02:21:18.301789+00:00
[2025-03-01T02:21:18.512+0000] {logging_mixin.py:190} INFO - Dag name:dag_postgres_1 and current dag run status:running
[2025-03-01T02:21:18.512+0000] {taskinstance.py:732} INFO - ::endgroup::
[2025-03-01T02:21:18.531+0000] {logging_mixin.py:190} WARNING - /opt/***/dags/dag_generate_table_info.py:60 FutureWarning: The behavior of DataFrame concatenation with empty or all-NA entries is deprecated. In a future version, this will no longer exclude empty or all-NA columns when determining the result dtypes. To retain the old behavior, exclude the relevant entries before the concat operation.
[2025-03-01T02:21:42.366+0000] {logging_mixin.py:190} INFO -                                order_id        customer_email  ...  amount  currency
0  bd4736f0-47d7-489b-9168-e0dab6b597df  user6146@example.com  ...  260.47       PGK
1  0897d81e-2656-46cb-8d59-ed5efece0518  user2177@example.com  ...  357.13       KMF
2  cd0dc1b0-8e86-440e-bc02-1640d3c402fc   user567@example.com  ...  684.34       KES
3  71035a72-e7ee-4ea4-afd0-31a68793ea58  user5754@example.com  ...  534.10       ZMW
4  b11ab7cd-5dca-4a8b-a5e3-615ecc3e9c17  user6025@example.com  ...  755.52       BGN

[5 rows x 5 columns]
[2025-03-01T02:21:42.367+0000] {python.py:240} INFO - Done. Returned value was:                                    order_id  ... currency
0      bd4736f0-47d7-489b-9168-e0dab6b597df  ...      PGK
1      0897d81e-2656-46cb-8d59-ed5efece0518  ...      KMF
2      cd0dc1b0-8e86-440e-bc02-1640d3c402fc  ...      KES
3      71035a72-e7ee-4ea4-afd0-31a68793ea58  ...      ZMW
4      b11ab7cd-5dca-4a8b-a5e3-615ecc3e9c17  ...      BGN
...                                     ...  ...      ...
19995  316fb7bf-e5a8-40d0-86f1-a7dfdec313d2  ...      GBP
19996  e1e35d2e-166c-435d-b608-79e39820a66d  ...      RUB
19997  cf07e180-b811-4771-934e-a6fc07fff38a  ...      LKR
19998  7e2e878b-7e7e-4f23-bc70-54632a26ba3a  ...      KYD
19999  e7a9216e-4ed5-49df-8161-17a7391bba53  ...      AUD

[20000 rows x 5 columns]
[2025-03-01T02:21:42.553+0000] {taskinstance.py:341} INFO - ::group::Post task execution logs
[2025-03-01T02:21:42.553+0000] {taskinstance.py:353} INFO - Marking task as SUCCESS. dag_id=dag_postgres_1, task_id=generate_orders_data, run_id=manual__2025-03-01T02:21:11.688422+00:00, execution_date=20250301T022111, start_date=20250301T022118, end_date=20250301T022142
[2025-03-01T02:21:42.580+0000] {logging_mixin.py:190} INFO - Task instance in success state
[2025-03-01T02:21:42.581+0000] {logging_mixin.py:190} INFO -  Previous state of the Task instance: running
[2025-03-01T02:21:42.581+0000] {logging_mixin.py:190} INFO - Dag name:dag_postgres_1 queued_at:2025-03-01 02:21:11.697740+00:00
[2025-03-01T02:21:42.581+0000] {logging_mixin.py:190} INFO - Task hostname:e6b43e607126 operator:PythonOperator
[2025-03-01T02:21:42.607+0000] {local_task_job_runner.py:266} INFO - Task exited with return code 0
[2025-03-01T02:21:42.625+0000] {taskinstance.py:3901} INFO - 1 downstream tasks scheduled from follow-on schedule check
[2025-03-01T02:21:42.631+0000] {local_task_job_runner.py:245} INFO - ::endgroup::
