[2025-03-01T01:58:30.837+0000] {local_task_job_runner.py:123} INFO - ::group::Pre task execution logs
[2025-03-01T01:58:30.853+0000] {taskinstance.py:2614} INFO - Dependencies all met for dep_context=non-requeueable deps ti=<TaskInstance: dag_postgres_1.create_table_orders scheduled__2025-03-01T01:40:00+00:00 [queued]>
[2025-03-01T01:58:30.861+0000] {taskinstance.py:2614} INFO - Dependencies all met for dep_context=requeueable deps ti=<TaskInstance: dag_postgres_1.create_table_orders scheduled__2025-03-01T01:40:00+00:00 [queued]>
[2025-03-01T01:58:30.861+0000] {taskinstance.py:2867} INFO - Starting attempt 1 of 2
[2025-03-01T01:58:30.877+0000] {taskinstance.py:2890} INFO - Executing <Task(PostgresOperator): create_table_orders> on 2025-03-01 01:40:00+00:00
[2025-03-01T01:58:30.888+0000] {logging_mixin.py:190} WARNING - /home/***/.local/lib/python3.12/site-packages/***/task/task_runner/standard_task_runner.py:70 DeprecationWarning: This process (pid=51989) is multi-threaded, use of fork() may lead to deadlocks in the child.
[2025-03-01T01:58:30.887+0000] {standard_task_runner.py:104} INFO - Running: ['***', 'tasks', 'run', 'dag_postgres_1', 'create_table_orders', 'scheduled__2025-03-01T01:40:00+00:00', '--job-id', '56', '--raw', '--subdir', 'DAGS_FOLDER/dag_generate_table_info.py', '--cfg-path', '/tmp/tmps5sl_l5_']
[2025-03-01T01:58:30.889+0000] {standard_task_runner.py:105} INFO - Job 56: Subtask create_table_orders
[2025-03-01T01:58:30.889+0000] {standard_task_runner.py:72} INFO - Started process 51990 to run task
[2025-03-01T01:58:30.939+0000] {task_command.py:467} INFO - Running <TaskInstance: dag_postgres_1.create_table_orders scheduled__2025-03-01T01:40:00+00:00 [running]> on host e6b43e607126
[2025-03-01T01:58:31.026+0000] {taskinstance.py:3134} INFO - Exporting env vars: AIRFLOW_CTX_DAG_EMAIL='kucikm23@gmail.com' AIRFLOW_CTX_DAG_OWNER='***' AIRFLOW_CTX_DAG_ID='dag_postgres_1' AIRFLOW_CTX_TASK_ID='create_table_orders' AIRFLOW_CTX_EXECUTION_DATE='2025-03-01T01:40:00+00:00' AIRFLOW_CTX_TRY_NUMBER='1' AIRFLOW_CTX_DAG_RUN_ID='scheduled__2025-03-01T01:40:00+00:00'
[2025-03-01T01:58:31.027+0000] {logging_mixin.py:190} INFO - Task instance is in running state
[2025-03-01T01:58:31.028+0000] {logging_mixin.py:190} INFO -  Previous state of the Task instance: queued
[2025-03-01T01:58:31.028+0000] {logging_mixin.py:190} INFO - Current task name:create_table_orders state:running start_date:2025-03-01 01:58:30.854038+00:00
[2025-03-01T01:58:31.028+0000] {logging_mixin.py:190} INFO - Dag name:dag_postgres_1 and current dag run status:running
[2025-03-01T01:58:31.029+0000] {taskinstance.py:732} INFO - ::endgroup::
[2025-03-01T01:58:31.029+0000] {sql.py:295} INFO - Executing: CREATE TABLE IF NOT EXISTS orders (
                order_id UUID PRIMARY KEY DEFAULT gen_random_uuid(),
                customer_email VARCHAR(255) NOT NULL,
                order_date TIMESTAMP NOT NULL DEFAULT NOW(),
                amount NUMERIC(10,2) NOT NULL,
                currency VARCHAR(10) NOT NULL
            );
[2025-03-01T01:58:31.037+0000] {base.py:84} INFO - Retrieving connection 'postgres_conn'
[2025-03-01T01:58:31.044+0000] {base.py:84} INFO - Retrieving connection 'postgres_conn'
[2025-03-01T01:58:31.052+0000] {sql.py:511} INFO - Running statement: CREATE TABLE IF NOT EXISTS orders (
                order_id UUID PRIMARY KEY DEFAULT gen_random_uuid(),
                customer_email VARCHAR(255) NOT NULL,
                order_date TIMESTAMP NOT NULL DEFAULT NOW(),
                amount NUMERIC(10,2) NOT NULL,
                currency VARCHAR(10) NOT NULL
            );, parameters: None
[2025-03-01T01:58:31.057+0000] {logging_mixin.py:190} WARNING - /home/***/.local/lib/python3.12/site-packages/***/providers/common/sql/hooks/sql.py:470 DeprecationWarning: Import of fetch_all_handler from the '***.providers.common.sql.hooks' module is deprecated and will
be removed in the future. Please import it from '***.providers.common.sql.hooks.handlers'.
[2025-03-01T01:58:31.059+0000] {logging_mixin.py:190} WARNING - /home/***/.local/lib/python3.12/site-packages/***/providers/common/sql/hooks/sql.py:471 DeprecationWarning: Import of return_single_query_results from the '***.providers.common.sql.hooks' module is deprecated and will
be removed in the future. Please import it from '***.providers.common.sql.hooks.handlers'.
[2025-03-01T01:58:31.061+0000] {logging_mixin.py:190} WARNING - /home/***/.local/lib/python3.12/site-packages/***/providers/common/sql/hooks/sql.py:486 DeprecationWarning: Import of return_single_query_results from the '***.providers.common.sql.hooks' module is deprecated and will
be removed in the future. Please import it from '***.providers.common.sql.hooks.handlers'.
[2025-03-01T01:58:31.063+0000] {logging_mixin.py:190} WARNING - /home/***/.local/lib/python3.12/site-packages/***/providers/common/sql/operators/sql.py:311 DeprecationWarning: Import of return_single_query_results from the '***.providers.common.sql.hooks' module is deprecated and will
be removed in the future. Please import it from '***.providers.common.sql.hooks.handlers'.
[2025-03-01T01:58:31.071+0000] {taskinstance.py:341} INFO - ::group::Post task execution logs
[2025-03-01T01:58:31.072+0000] {taskinstance.py:353} INFO - Marking task as SUCCESS. dag_id=dag_postgres_1, task_id=create_table_orders, run_id=scheduled__2025-03-01T01:40:00+00:00, execution_date=20250301T014000, start_date=20250301T015830, end_date=20250301T015831
[2025-03-01T01:58:31.095+0000] {logging_mixin.py:190} INFO - Task instance in success state
[2025-03-01T01:58:31.096+0000] {logging_mixin.py:190} INFO -  Previous state of the Task instance: running
[2025-03-01T01:58:31.096+0000] {logging_mixin.py:190} INFO - Dag name:dag_postgres_1 queued_at:2025-03-01 01:58:29.688825+00:00
[2025-03-01T01:58:31.097+0000] {logging_mixin.py:190} INFO - Task hostname:e6b43e607126 operator:PostgresOperator
[2025-03-01T01:58:31.144+0000] {local_task_job_runner.py:266} INFO - Task exited with return code 0
[2025-03-01T01:58:31.173+0000] {taskinstance.py:3901} INFO - 1 downstream tasks scheduled from follow-on schedule check
[2025-03-01T01:58:31.178+0000] {local_task_job_runner.py:245} INFO - ::endgroup::
[2025-03-01T01:59:12.272+0000] {local_task_job_runner.py:123} INFO - ::group::Pre task execution logs
[2025-03-01T01:59:12.288+0000] {taskinstance.py:2614} INFO - Dependencies all met for dep_context=non-requeueable deps ti=<TaskInstance: dag_postgres_1.create_table_orders scheduled__2025-03-01T01:40:00+00:00 [queued]>
[2025-03-01T01:59:12.297+0000] {taskinstance.py:2614} INFO - Dependencies all met for dep_context=requeueable deps ti=<TaskInstance: dag_postgres_1.create_table_orders scheduled__2025-03-01T01:40:00+00:00 [queued]>
[2025-03-01T01:59:12.297+0000] {taskinstance.py:2867} INFO - Starting attempt 1 of 2
[2025-03-01T01:59:12.316+0000] {taskinstance.py:2890} INFO - Executing <Task(PostgresOperator): create_table_orders> on 2025-03-01 01:40:00+00:00
[2025-03-01T01:59:12.329+0000] {logging_mixin.py:190} WARNING - /home/***/.local/lib/python3.12/site-packages/***/task/task_runner/standard_task_runner.py:70 DeprecationWarning: This process (pid=52523) is multi-threaded, use of fork() may lead to deadlocks in the child.
[2025-03-01T01:59:12.329+0000] {standard_task_runner.py:104} INFO - Running: ['***', 'tasks', 'run', 'dag_postgres_1', 'create_table_orders', 'scheduled__2025-03-01T01:40:00+00:00', '--job-id', '61', '--raw', '--subdir', 'DAGS_FOLDER/dag_generate_table_info.py', '--cfg-path', '/tmp/tmpzeftw0km']
[2025-03-01T01:59:12.330+0000] {standard_task_runner.py:72} INFO - Started process 52546 to run task
[2025-03-01T01:59:12.331+0000] {standard_task_runner.py:105} INFO - Job 61: Subtask create_table_orders
[2025-03-01T01:59:12.375+0000] {task_command.py:467} INFO - Running <TaskInstance: dag_postgres_1.create_table_orders scheduled__2025-03-01T01:40:00+00:00 [running]> on host e6b43e607126
[2025-03-01T01:59:12.463+0000] {taskinstance.py:3134} INFO - Exporting env vars: AIRFLOW_CTX_DAG_EMAIL='kucikm23@gmail.com' AIRFLOW_CTX_DAG_OWNER='***' AIRFLOW_CTX_DAG_ID='dag_postgres_1' AIRFLOW_CTX_TASK_ID='create_table_orders' AIRFLOW_CTX_EXECUTION_DATE='2025-03-01T01:40:00+00:00' AIRFLOW_CTX_TRY_NUMBER='1' AIRFLOW_CTX_DAG_RUN_ID='scheduled__2025-03-01T01:40:00+00:00'
[2025-03-01T01:59:12.464+0000] {logging_mixin.py:190} INFO - Task instance is in running state
[2025-03-01T01:59:12.465+0000] {logging_mixin.py:190} INFO -  Previous state of the Task instance: queued
[2025-03-01T01:59:12.465+0000] {logging_mixin.py:190} INFO - Current task name:create_table_orders state:running start_date:2025-03-01 01:59:12.289448+00:00
[2025-03-01T01:59:12.465+0000] {logging_mixin.py:190} INFO - Dag name:dag_postgres_1 and current dag run status:running
[2025-03-01T01:59:12.466+0000] {taskinstance.py:732} INFO - ::endgroup::
[2025-03-01T01:59:12.466+0000] {sql.py:295} INFO - Executing: CREATE TABLE IF NOT EXISTS orders (
                order_id UUID PRIMARY KEY DEFAULT gen_random_uuid(),
                customer_email VARCHAR(255) NOT NULL,
                order_date TIMESTAMP NOT NULL DEFAULT NOW(),
                amount NUMERIC(10,2) NOT NULL,
                currency VARCHAR(10) NOT NULL
            );
[2025-03-01T01:59:12.474+0000] {base.py:84} INFO - Retrieving connection 'postgres_conn'
[2025-03-01T01:59:12.481+0000] {base.py:84} INFO - Retrieving connection 'postgres_conn'
[2025-03-01T01:59:12.489+0000] {sql.py:511} INFO - Running statement: CREATE TABLE IF NOT EXISTS orders (
                order_id UUID PRIMARY KEY DEFAULT gen_random_uuid(),
                customer_email VARCHAR(255) NOT NULL,
                order_date TIMESTAMP NOT NULL DEFAULT NOW(),
                amount NUMERIC(10,2) NOT NULL,
                currency VARCHAR(10) NOT NULL
            );, parameters: None
[2025-03-01T01:59:12.493+0000] {logging_mixin.py:190} WARNING - /home/***/.local/lib/python3.12/site-packages/***/providers/common/sql/hooks/sql.py:470 DeprecationWarning: Import of fetch_all_handler from the '***.providers.common.sql.hooks' module is deprecated and will
be removed in the future. Please import it from '***.providers.common.sql.hooks.handlers'.
[2025-03-01T01:59:12.495+0000] {logging_mixin.py:190} WARNING - /home/***/.local/lib/python3.12/site-packages/***/providers/common/sql/hooks/sql.py:471 DeprecationWarning: Import of return_single_query_results from the '***.providers.common.sql.hooks' module is deprecated and will
be removed in the future. Please import it from '***.providers.common.sql.hooks.handlers'.
[2025-03-01T01:59:12.497+0000] {logging_mixin.py:190} WARNING - /home/***/.local/lib/python3.12/site-packages/***/providers/common/sql/hooks/sql.py:486 DeprecationWarning: Import of return_single_query_results from the '***.providers.common.sql.hooks' module is deprecated and will
be removed in the future. Please import it from '***.providers.common.sql.hooks.handlers'.
[2025-03-01T01:59:12.498+0000] {logging_mixin.py:190} WARNING - /home/***/.local/lib/python3.12/site-packages/***/providers/common/sql/operators/sql.py:311 DeprecationWarning: Import of return_single_query_results from the '***.providers.common.sql.hooks' module is deprecated and will
be removed in the future. Please import it from '***.providers.common.sql.hooks.handlers'.
[2025-03-01T01:59:12.507+0000] {taskinstance.py:341} INFO - ::group::Post task execution logs
[2025-03-01T01:59:12.508+0000] {taskinstance.py:353} INFO - Marking task as SUCCESS. dag_id=dag_postgres_1, task_id=create_table_orders, run_id=scheduled__2025-03-01T01:40:00+00:00, execution_date=20250301T014000, start_date=20250301T015912, end_date=20250301T015912
[2025-03-01T01:59:12.535+0000] {logging_mixin.py:190} INFO - Task instance in success state
[2025-03-01T01:59:12.536+0000] {logging_mixin.py:190} INFO -  Previous state of the Task instance: running
[2025-03-01T01:59:12.536+0000] {logging_mixin.py:190} INFO - Dag name:dag_postgres_1 queued_at:2025-03-01 01:59:11.056301+00:00
[2025-03-01T01:59:12.537+0000] {logging_mixin.py:190} INFO - Task hostname:e6b43e607126 operator:PostgresOperator
[2025-03-01T01:59:12.586+0000] {local_task_job_runner.py:266} INFO - Task exited with return code 0
[2025-03-01T01:59:12.615+0000] {taskinstance.py:3901} INFO - 1 downstream tasks scheduled from follow-on schedule check
[2025-03-01T01:59:12.621+0000] {local_task_job_runner.py:245} INFO - ::endgroup::
