[2025-03-01T02:14:07.440+0000] {local_task_job_runner.py:123} INFO - ::group::Pre task execution logs
[2025-03-01T02:14:07.459+0000] {taskinstance.py:2614} INFO - Dependencies all met for dep_context=non-requeueable deps ti=<TaskInstance: dag_postgres_1.insert_orders manual__2025-03-01T02:14:00.511630+00:00 [queued]>
[2025-03-01T02:14:07.469+0000] {taskinstance.py:2614} INFO - Dependencies all met for dep_context=requeueable deps ti=<TaskInstance: dag_postgres_1.insert_orders manual__2025-03-01T02:14:00.511630+00:00 [queued]>
[2025-03-01T02:14:07.469+0000] {taskinstance.py:2867} INFO - Starting attempt 1 of 2
[2025-03-01T02:14:07.483+0000] {taskinstance.py:2890} INFO - Executing <Task(PythonOperator): insert_orders> on 2025-03-01 02:14:00.511630+00:00
[2025-03-01T02:14:07.494+0000] {logging_mixin.py:190} WARNING - /home/***/.local/lib/python3.12/site-packages/***/task/task_runner/standard_task_runner.py:70 DeprecationWarning: This process (pid=61173) is multi-threaded, use of fork() may lead to deadlocks in the child.
[2025-03-01T02:14:07.493+0000] {standard_task_runner.py:104} INFO - Running: ['***', 'tasks', 'run', 'dag_postgres_1', 'insert_orders', 'manual__2025-03-01T02:14:00.511630+00:00', '--job-id', '108', '--raw', '--subdir', 'DAGS_FOLDER/dag_generate_table_info.py', '--cfg-path', '/tmp/tmp7ajlvd3q']
[2025-03-01T02:14:07.495+0000] {standard_task_runner.py:72} INFO - Started process 61174 to run task
[2025-03-01T02:14:07.495+0000] {standard_task_runner.py:105} INFO - Job 108: Subtask insert_orders
[2025-03-01T02:14:07.536+0000] {task_command.py:467} INFO - Running <TaskInstance: dag_postgres_1.insert_orders manual__2025-03-01T02:14:00.511630+00:00 [running]> on host e6b43e607126
[2025-03-01T02:14:07.624+0000] {taskinstance.py:3134} INFO - Exporting env vars: AIRFLOW_CTX_DAG_EMAIL='kucikm23@gmail.com' AIRFLOW_CTX_DAG_OWNER='***' AIRFLOW_CTX_DAG_ID='dag_postgres_1' AIRFLOW_CTX_TASK_ID='insert_orders' AIRFLOW_CTX_EXECUTION_DATE='2025-03-01T02:14:00.511630+00:00' AIRFLOW_CTX_TRY_NUMBER='1' AIRFLOW_CTX_DAG_RUN_ID='manual__2025-03-01T02:14:00.511630+00:00'
[2025-03-01T02:14:07.625+0000] {logging_mixin.py:190} INFO - Task instance is in running state
[2025-03-01T02:14:07.626+0000] {logging_mixin.py:190} INFO -  Previous state of the Task instance: queued
[2025-03-01T02:14:07.626+0000] {logging_mixin.py:190} INFO - Current task name:insert_orders state:running start_date:2025-03-01 02:14:07.460264+00:00
[2025-03-01T02:14:07.626+0000] {logging_mixin.py:190} INFO - Dag name:dag_postgres_1 and current dag run status:running
[2025-03-01T02:14:07.627+0000] {taskinstance.py:732} INFO - ::endgroup::
[2025-03-01T02:14:07.723+0000] {logging_mixin.py:190} INFO - order_id          6444
customer_email    6444
order_date        6444
amount            6444
currency          6444
dtype: int64
[2025-03-01T02:14:07.732+0000] {base.py:84} INFO - Retrieving connection 'postgres_conn'
[2025-03-01T02:14:08.019+0000] {python.py:240} INFO - Done. Returned value was: None
[2025-03-01T02:14:08.030+0000] {taskinstance.py:341} INFO - ::group::Post task execution logs
[2025-03-01T02:14:08.031+0000] {taskinstance.py:353} INFO - Marking task as SUCCESS. dag_id=dag_postgres_1, task_id=insert_orders, run_id=manual__2025-03-01T02:14:00.511630+00:00, execution_date=20250301T021400, start_date=20250301T021407, end_date=20250301T021408
[2025-03-01T02:14:08.060+0000] {logging_mixin.py:190} INFO - Task instance in success state
[2025-03-01T02:14:08.061+0000] {logging_mixin.py:190} INFO -  Previous state of the Task instance: running
[2025-03-01T02:14:08.061+0000] {logging_mixin.py:190} INFO - Dag name:dag_postgres_1 queued_at:2025-03-01 02:14:00.519714+00:00
[2025-03-01T02:14:08.062+0000] {logging_mixin.py:190} INFO - Task hostname:e6b43e607126 operator:PythonOperator
[2025-03-01T02:14:08.111+0000] {local_task_job_runner.py:266} INFO - Task exited with return code 0
[2025-03-01T02:14:08.126+0000] {taskinstance.py:3901} INFO - 0 downstream tasks scheduled from follow-on schedule check
[2025-03-01T02:14:08.130+0000] {local_task_job_runner.py:245} INFO - ::endgroup::
