[2025-03-01T00:58:18.144+0000] {local_task_job_runner.py:123} INFO - ::group::Pre task execution logs
[2025-03-01T00:58:18.158+0000] {taskinstance.py:2614} INFO - Dependencies all met for dep_context=non-requeueable deps ti=<TaskInstance: dag_create_orders_table.create_table_orders manual__2025-03-01T00:58:16.972286+00:00 [queued]>
[2025-03-01T00:58:18.164+0000] {taskinstance.py:2614} INFO - Dependencies all met for dep_context=requeueable deps ti=<TaskInstance: dag_create_orders_table.create_table_orders manual__2025-03-01T00:58:16.972286+00:00 [queued]>
[2025-03-01T00:58:18.165+0000] {taskinstance.py:2867} INFO - Starting attempt 1 of 2
[2025-03-01T00:58:18.179+0000] {taskinstance.py:2890} INFO - Executing <Task(PostgresOperator): create_table_orders> on 2025-03-01 00:58:16.972286+00:00
[2025-03-01T00:58:18.190+0000] {standard_task_runner.py:104} INFO - Running: ['***', 'tasks', 'run', 'dag_create_orders_table', 'create_table_orders', 'manual__2025-03-01T00:58:16.972286+00:00', '--job-id', '20', '--raw', '--subdir', 'DAGS_FOLDER/dag_generate_table_info.py', '--cfg-path', '/tmp/tmpvh9a1n27']
[2025-03-01T00:58:18.191+0000] {standard_task_runner.py:105} INFO - Job 20: Subtask create_table_orders
[2025-03-01T00:58:18.193+0000] {logging_mixin.py:190} WARNING - /home/***/.local/lib/python3.12/site-packages/***/task/task_runner/standard_task_runner.py:70 DeprecationWarning: This process (pid=17246) is multi-threaded, use of fork() may lead to deadlocks in the child.
[2025-03-01T00:58:18.194+0000] {standard_task_runner.py:72} INFO - Started process 17247 to run task
[2025-03-01T00:58:18.230+0000] {task_command.py:467} INFO - Running <TaskInstance: dag_create_orders_table.create_table_orders manual__2025-03-01T00:58:16.972286+00:00 [running]> on host e6b43e607126
[2025-03-01T00:58:18.308+0000] {taskinstance.py:3134} INFO - Exporting env vars: AIRFLOW_CTX_DAG_EMAIL='kucikm23@gmail.com' AIRFLOW_CTX_DAG_OWNER='***' AIRFLOW_CTX_DAG_ID='dag_create_orders_table' AIRFLOW_CTX_TASK_ID='create_table_orders' AIRFLOW_CTX_EXECUTION_DATE='2025-03-01T00:58:16.972286+00:00' AIRFLOW_CTX_TRY_NUMBER='1' AIRFLOW_CTX_DAG_RUN_ID='manual__2025-03-01T00:58:16.972286+00:00'
[2025-03-01T00:58:18.309+0000] {logging_mixin.py:190} INFO - Task instance is in running state
[2025-03-01T00:58:18.310+0000] {logging_mixin.py:190} INFO -  Previous state of the Task instance: queued
[2025-03-01T00:58:18.310+0000] {logging_mixin.py:190} INFO - Current task name:create_table_orders state:running start_date:2025-03-01 00:58:18.158746+00:00
[2025-03-01T00:58:18.310+0000] {logging_mixin.py:190} INFO - Dag name:dag_create_orders_table and current dag run status:running
[2025-03-01T00:58:18.310+0000] {taskinstance.py:732} INFO - ::endgroup::
[2025-03-01T00:58:18.311+0000] {sql.py:295} INFO - Executing: CREATE TABLE IF NOT EXISTS orders (
            order_id UUID PRIMARY KEY DEFAULT gen_random_uuid(),
            customer_email VARCHAR(255) NOT NULL,
            order_date TIMESTAMP NOT NULL DEFAULT NOW(),
            amount NUMERIC(10,2) NOT NULL,
            currency VARCHAR(10) NOT NULL
        );
[2025-03-01T00:58:18.319+0000] {base.py:84} INFO - Retrieving connection 'postgres_conn'
[2025-03-01T00:58:18.326+0000] {base.py:84} INFO - Retrieving connection 'postgres_conn'
[2025-03-01T00:58:18.334+0000] {sql.py:511} INFO - Running statement: CREATE TABLE IF NOT EXISTS orders (
            order_id UUID PRIMARY KEY DEFAULT gen_random_uuid(),
            customer_email VARCHAR(255) NOT NULL,
            order_date TIMESTAMP NOT NULL DEFAULT NOW(),
            amount NUMERIC(10,2) NOT NULL,
            currency VARCHAR(10) NOT NULL
        );, parameters: None
[2025-03-01T00:58:18.340+0000] {logging_mixin.py:190} WARNING - /home/***/.local/lib/python3.12/site-packages/***/providers/common/sql/hooks/sql.py:470 DeprecationWarning: Import of fetch_all_handler from the '***.providers.common.sql.hooks' module is deprecated and will
be removed in the future. Please import it from '***.providers.common.sql.hooks.handlers'.
[2025-03-01T00:58:18.342+0000] {logging_mixin.py:190} WARNING - /home/***/.local/lib/python3.12/site-packages/***/providers/common/sql/hooks/sql.py:471 DeprecationWarning: Import of return_single_query_results from the '***.providers.common.sql.hooks' module is deprecated and will
be removed in the future. Please import it from '***.providers.common.sql.hooks.handlers'.
[2025-03-01T00:58:18.345+0000] {logging_mixin.py:190} WARNING - /home/***/.local/lib/python3.12/site-packages/***/providers/common/sql/hooks/sql.py:486 DeprecationWarning: Import of return_single_query_results from the '***.providers.common.sql.hooks' module is deprecated and will
be removed in the future. Please import it from '***.providers.common.sql.hooks.handlers'.
[2025-03-01T00:58:18.346+0000] {logging_mixin.py:190} WARNING - /home/***/.local/lib/python3.12/site-packages/***/providers/common/sql/operators/sql.py:311 DeprecationWarning: Import of return_single_query_results from the '***.providers.common.sql.hooks' module is deprecated and will
be removed in the future. Please import it from '***.providers.common.sql.hooks.handlers'.
[2025-03-01T00:58:18.354+0000] {taskinstance.py:341} INFO - ::group::Post task execution logs
[2025-03-01T00:58:18.354+0000] {taskinstance.py:353} INFO - Marking task as SUCCESS. dag_id=dag_create_orders_table, task_id=create_table_orders, run_id=manual__2025-03-01T00:58:16.972286+00:00, execution_date=20250301T005816, start_date=20250301T005818, end_date=20250301T005818
[2025-03-01T00:58:18.380+0000] {logging_mixin.py:190} INFO - Task instance in success state
[2025-03-01T00:58:18.381+0000] {logging_mixin.py:190} INFO -  Previous state of the Task instance: running
[2025-03-01T00:58:18.381+0000] {logging_mixin.py:190} INFO - Dag name:dag_create_orders_table queued_at:2025-03-01 00:58:16.989387+00:00
[2025-03-01T00:58:18.382+0000] {logging_mixin.py:190} INFO - Task hostname:e6b43e607126 operator:PostgresOperator
[2025-03-01T00:58:18.408+0000] {local_task_job_runner.py:266} INFO - Task exited with return code 0
[2025-03-01T00:58:18.430+0000] {taskinstance.py:3901} INFO - 1 downstream tasks scheduled from follow-on schedule check
[2025-03-01T00:58:18.435+0000] {local_task_job_runner.py:245} INFO - ::endgroup::
