[2025-03-01T01:02:31.951+0000] {local_task_job_runner.py:123} INFO - ::group::Pre task execution logs
[2025-03-01T01:02:31.968+0000] {taskinstance.py:2614} INFO - Dependencies all met for dep_context=non-requeueable deps ti=<TaskInstance: dag_create_orders_table.generate_and_insert_orders manual__2025-03-01T01:02:28.017132+00:00 [queued]>
[2025-03-01T01:02:31.977+0000] {taskinstance.py:2614} INFO - Dependencies all met for dep_context=requeueable deps ti=<TaskInstance: dag_create_orders_table.generate_and_insert_orders manual__2025-03-01T01:02:28.017132+00:00 [queued]>
[2025-03-01T01:02:31.978+0000] {taskinstance.py:2867} INFO - Starting attempt 1 of 2
[2025-03-01T01:02:31.992+0000] {taskinstance.py:2890} INFO - Executing <Task(PythonOperator): generate_and_insert_orders> on 2025-03-01 01:02:28.017132+00:00
[2025-03-01T01:02:32.002+0000] {standard_task_runner.py:104} INFO - Running: ['***', 'tasks', 'run', 'dag_create_orders_table', 'generate_and_insert_orders', 'manual__2025-03-01T01:02:28.017132+00:00', '--job-id', '25', '--raw', '--subdir', 'DAGS_FOLDER/dag_generate_table_info.py', '--cfg-path', '/tmp/tmptz40o6hj']
[2025-03-01T01:02:32.003+0000] {standard_task_runner.py:105} INFO - Job 25: Subtask generate_and_insert_orders
[2025-03-01T01:02:32.005+0000] {logging_mixin.py:190} WARNING - /home/***/.local/lib/python3.12/site-packages/***/task/task_runner/standard_task_runner.py:70 DeprecationWarning: This process (pid=19640) is multi-threaded, use of fork() may lead to deadlocks in the child.
[2025-03-01T01:02:32.006+0000] {standard_task_runner.py:72} INFO - Started process 19641 to run task
[2025-03-01T01:02:32.042+0000] {task_command.py:467} INFO - Running <TaskInstance: dag_create_orders_table.generate_and_insert_orders manual__2025-03-01T01:02:28.017132+00:00 [running]> on host e6b43e607126
[2025-03-01T01:02:32.117+0000] {taskinstance.py:3134} INFO - Exporting env vars: AIRFLOW_CTX_DAG_EMAIL='kucikm23@gmail.com' AIRFLOW_CTX_DAG_OWNER='***' AIRFLOW_CTX_DAG_ID='dag_create_orders_table' AIRFLOW_CTX_TASK_ID='generate_and_insert_orders' AIRFLOW_CTX_EXECUTION_DATE='2025-03-01T01:02:28.017132+00:00' AIRFLOW_CTX_TRY_NUMBER='1' AIRFLOW_CTX_DAG_RUN_ID='manual__2025-03-01T01:02:28.017132+00:00'
[2025-03-01T01:02:32.119+0000] {logging_mixin.py:190} INFO - Task instance is in running state
[2025-03-01T01:02:32.119+0000] {logging_mixin.py:190} INFO -  Previous state of the Task instance: queued
[2025-03-01T01:02:32.120+0000] {logging_mixin.py:190} INFO - Current task name:generate_and_insert_orders state:running start_date:2025-03-01 01:02:31.968958+00:00
[2025-03-01T01:02:32.120+0000] {logging_mixin.py:190} INFO - Dag name:dag_create_orders_table and current dag run status:running
[2025-03-01T01:02:32.120+0000] {taskinstance.py:732} INFO - ::endgroup::
[2025-03-01T01:02:32.169+0000] {base.py:84} INFO - Retrieving connection 'postgres_conn'
[2025-03-01T01:02:36.829+0000] {sql.py:639} INFO - Loaded 5000 rows into orders so far
[2025-03-01T01:02:36.830+0000] {sql.py:652} INFO - Done loading. Loaded a total of 5000 rows into orders
[2025-03-01T01:02:36.831+0000] {python.py:240} INFO - Done. Returned value was: None
[2025-03-01T01:02:36.840+0000] {taskinstance.py:341} INFO - ::group::Post task execution logs
[2025-03-01T01:02:36.840+0000] {taskinstance.py:353} INFO - Marking task as SUCCESS. dag_id=dag_create_orders_table, task_id=generate_and_insert_orders, run_id=manual__2025-03-01T01:02:28.017132+00:00, execution_date=20250301T010228, start_date=20250301T010231, end_date=20250301T010236
[2025-03-01T01:02:36.864+0000] {logging_mixin.py:190} INFO - Task instance in success state
[2025-03-01T01:02:36.865+0000] {logging_mixin.py:190} INFO -  Previous state of the Task instance: running
[2025-03-01T01:02:36.865+0000] {logging_mixin.py:190} INFO - Dag name:dag_create_orders_table queued_at:2025-03-01 01:02:28.026431+00:00
[2025-03-01T01:02:36.865+0000] {logging_mixin.py:190} INFO - Task hostname:e6b43e607126 operator:PythonOperator
[2025-03-01T01:02:36.914+0000] {local_task_job_runner.py:266} INFO - Task exited with return code 0
[2025-03-01T01:02:36.927+0000] {taskinstance.py:3901} INFO - 0 downstream tasks scheduled from follow-on schedule check
[2025-03-01T01:02:36.931+0000] {local_task_job_runner.py:245} INFO - ::endgroup::
