[2025-03-01T02:03:39.747+0000] {local_task_job_runner.py:123} INFO - ::group::Pre task execution logs
[2025-03-01T02:03:39.766+0000] {taskinstance.py:2614} INFO - Dependencies all met for dep_context=non-requeueable deps ti=<TaskInstance: dag_postgres_1.create_table_orders manual__2025-03-01T02:03:37.455774+00:00 [queued]>
[2025-03-01T02:03:39.775+0000] {taskinstance.py:2614} INFO - Dependencies all met for dep_context=requeueable deps ti=<TaskInstance: dag_postgres_1.create_table_orders manual__2025-03-01T02:03:37.455774+00:00 [queued]>
[2025-03-01T02:03:39.775+0000] {taskinstance.py:2867} INFO - Starting attempt 1 of 2
[2025-03-01T02:03:39.816+0000] {taskinstance.py:2890} INFO - Executing <Task(PostgresOperator): create_table_orders> on 2025-03-01 02:03:37.455774+00:00
[2025-03-01T02:03:39.827+0000] {standard_task_runner.py:104} INFO - Running: ['***', 'tasks', 'run', 'dag_postgres_1', 'create_table_orders', 'manual__2025-03-01T02:03:37.455774+00:00', '--job-id', '69', '--raw', '--subdir', 'DAGS_FOLDER/dag_generate_table_info.py', '--cfg-path', '/tmp/tmpmarejh41']
[2025-03-01T02:03:39.829+0000] {standard_task_runner.py:105} INFO - Job 69: Subtask create_table_orders
[2025-03-01T02:03:39.831+0000] {logging_mixin.py:190} WARNING - /home/***/.local/lib/python3.12/site-packages/***/task/task_runner/standard_task_runner.py:70 DeprecationWarning: This process (pid=55005) is multi-threaded, use of fork() may lead to deadlocks in the child.
[2025-03-01T02:03:39.832+0000] {standard_task_runner.py:72} INFO - Started process 55014 to run task
[2025-03-01T02:03:39.900+0000] {task_command.py:467} INFO - Running <TaskInstance: dag_postgres_1.create_table_orders manual__2025-03-01T02:03:37.455774+00:00 [running]> on host e6b43e607126
[2025-03-01T02:03:40.016+0000] {taskinstance.py:3134} INFO - Exporting env vars: AIRFLOW_CTX_DAG_EMAIL='kucikm23@gmail.com' AIRFLOW_CTX_DAG_OWNER='***' AIRFLOW_CTX_DAG_ID='dag_postgres_1' AIRFLOW_CTX_TASK_ID='create_table_orders' AIRFLOW_CTX_EXECUTION_DATE='2025-03-01T02:03:37.455774+00:00' AIRFLOW_CTX_TRY_NUMBER='1' AIRFLOW_CTX_DAG_RUN_ID='manual__2025-03-01T02:03:37.455774+00:00'
[2025-03-01T02:03:40.017+0000] {logging_mixin.py:190} INFO - Task instance is in running state
[2025-03-01T02:03:40.018+0000] {logging_mixin.py:190} INFO -  Previous state of the Task instance: queued
[2025-03-01T02:03:40.018+0000] {logging_mixin.py:190} INFO - Current task name:create_table_orders state:running start_date:2025-03-01 02:03:39.766526+00:00
[2025-03-01T02:03:40.019+0000] {logging_mixin.py:190} INFO - Dag name:dag_postgres_1 and current dag run status:running
[2025-03-01T02:03:40.019+0000] {taskinstance.py:732} INFO - ::endgroup::
[2025-03-01T02:03:40.019+0000] {sql.py:295} INFO - Executing: CREATE TABLE IF NOT EXISTS orders (
                order_id UUID PRIMARY KEY DEFAULT gen_random_uuid(),
                customer_email VARCHAR(255) NOT NULL,
                order_date TIMESTAMP NOT NULL DEFAULT NOW(),
                amount NUMERIC(10,2) NOT NULL,
                currency VARCHAR(10) NOT NULL
            );
[2025-03-01T02:03:40.027+0000] {base.py:84} INFO - Retrieving connection 'postgres_conn'
[2025-03-01T02:03:40.035+0000] {base.py:84} INFO - Retrieving connection 'postgres_conn'
[2025-03-01T02:03:40.043+0000] {sql.py:511} INFO - Running statement: CREATE TABLE IF NOT EXISTS orders (
                order_id UUID PRIMARY KEY DEFAULT gen_random_uuid(),
                customer_email VARCHAR(255) NOT NULL,
                order_date TIMESTAMP NOT NULL DEFAULT NOW(),
                amount NUMERIC(10,2) NOT NULL,
                currency VARCHAR(10) NOT NULL
            );, parameters: None
[2025-03-01T02:03:40.046+0000] {logging_mixin.py:190} WARNING - /home/***/.local/lib/python3.12/site-packages/***/providers/common/sql/hooks/sql.py:470 DeprecationWarning: Import of fetch_all_handler from the '***.providers.common.sql.hooks' module is deprecated and will
be removed in the future. Please import it from '***.providers.common.sql.hooks.handlers'.
[2025-03-01T02:03:40.048+0000] {logging_mixin.py:190} WARNING - /home/***/.local/lib/python3.12/site-packages/***/providers/common/sql/hooks/sql.py:471 DeprecationWarning: Import of return_single_query_results from the '***.providers.common.sql.hooks' module is deprecated and will
be removed in the future. Please import it from '***.providers.common.sql.hooks.handlers'.
[2025-03-01T02:03:40.051+0000] {logging_mixin.py:190} WARNING - /home/***/.local/lib/python3.12/site-packages/***/providers/common/sql/hooks/sql.py:486 DeprecationWarning: Import of return_single_query_results from the '***.providers.common.sql.hooks' module is deprecated and will
be removed in the future. Please import it from '***.providers.common.sql.hooks.handlers'.
[2025-03-01T02:03:40.052+0000] {logging_mixin.py:190} WARNING - /home/***/.local/lib/python3.12/site-packages/***/providers/common/sql/operators/sql.py:311 DeprecationWarning: Import of return_single_query_results from the '***.providers.common.sql.hooks' module is deprecated and will
be removed in the future. Please import it from '***.providers.common.sql.hooks.handlers'.
[2025-03-01T02:03:40.061+0000] {taskinstance.py:341} INFO - ::group::Post task execution logs
[2025-03-01T02:03:40.062+0000] {taskinstance.py:353} INFO - Marking task as SUCCESS. dag_id=dag_postgres_1, task_id=create_table_orders, run_id=manual__2025-03-01T02:03:37.455774+00:00, execution_date=20250301T020337, start_date=20250301T020339, end_date=20250301T020340
[2025-03-01T02:03:40.113+0000] {logging_mixin.py:190} INFO - Task instance in success state
[2025-03-01T02:03:40.113+0000] {logging_mixin.py:190} INFO -  Previous state of the Task instance: running
[2025-03-01T02:03:40.114+0000] {logging_mixin.py:190} INFO - Dag name:dag_postgres_1 queued_at:2025-03-01 02:03:37.464372+00:00
[2025-03-01T02:03:40.114+0000] {logging_mixin.py:190} INFO - Task hostname:e6b43e607126 operator:PostgresOperator
[2025-03-01T02:03:40.127+0000] {local_task_job_runner.py:266} INFO - Task exited with return code 0
[2025-03-01T02:03:40.156+0000] {taskinstance.py:3901} INFO - 1 downstream tasks scheduled from follow-on schedule check
[2025-03-01T02:03:40.176+0000] {local_task_job_runner.py:245} INFO - ::endgroup::
