[2025-03-01T01:30:48.234+0000] {local_task_job_runner.py:123} INFO - ::group::Pre task execution logs
[2025-03-01T01:30:48.252+0000] {taskinstance.py:2614} INFO - Dependencies all met for dep_context=non-requeueable deps ti=<TaskInstance: dag_postgres_1.get_api_currency manual__2025-03-01T01:30:44.355820+00:00 [queued]>
[2025-03-01T01:30:48.260+0000] {taskinstance.py:2614} INFO - Dependencies all met for dep_context=requeueable deps ti=<TaskInstance: dag_postgres_1.get_api_currency manual__2025-03-01T01:30:44.355820+00:00 [queued]>
[2025-03-01T01:30:48.260+0000] {taskinstance.py:2867} INFO - Starting attempt 1 of 2
[2025-03-01T01:30:48.274+0000] {taskinstance.py:2890} INFO - Executing <Task(PythonOperator): get_api_currency> on 2025-03-01 01:30:44.355820+00:00
[2025-03-01T01:30:48.284+0000] {standard_task_runner.py:104} INFO - Running: ['***', 'tasks', 'run', 'dag_postgres_1', 'get_api_currency', 'manual__2025-03-01T01:30:44.355820+00:00', '--job-id', '36', '--raw', '--subdir', 'DAGS_FOLDER/dag_generate_table_info.py', '--cfg-path', '/tmp/tmpowi30dzd']
[2025-03-01T01:30:48.285+0000] {standard_task_runner.py:105} INFO - Job 36: Subtask get_api_currency
[2025-03-01T01:30:48.288+0000] {logging_mixin.py:190} WARNING - /home/***/.local/lib/python3.12/site-packages/***/task/task_runner/standard_task_runner.py:70 DeprecationWarning: This process (pid=36076) is multi-threaded, use of fork() may lead to deadlocks in the child.
[2025-03-01T01:30:48.289+0000] {standard_task_runner.py:72} INFO - Started process 36077 to run task
[2025-03-01T01:30:48.324+0000] {task_command.py:467} INFO - Running <TaskInstance: dag_postgres_1.get_api_currency manual__2025-03-01T01:30:44.355820+00:00 [running]> on host e6b43e607126
[2025-03-01T01:30:48.408+0000] {taskinstance.py:3134} INFO - Exporting env vars: AIRFLOW_CTX_DAG_EMAIL='kucikm23@gmail.com' AIRFLOW_CTX_DAG_OWNER='***' AIRFLOW_CTX_DAG_ID='dag_postgres_1' AIRFLOW_CTX_TASK_ID='get_api_currency' AIRFLOW_CTX_EXECUTION_DATE='2025-03-01T01:30:44.355820+00:00' AIRFLOW_CTX_TRY_NUMBER='1' AIRFLOW_CTX_DAG_RUN_ID='manual__2025-03-01T01:30:44.355820+00:00'
[2025-03-01T01:30:48.409+0000] {logging_mixin.py:190} INFO - Task instance is in running state
[2025-03-01T01:30:48.410+0000] {logging_mixin.py:190} INFO -  Previous state of the Task instance: queued
[2025-03-01T01:30:48.410+0000] {logging_mixin.py:190} INFO - Current task name:get_api_currency state:running start_date:2025-03-01 01:30:48.252750+00:00
[2025-03-01T01:30:48.410+0000] {logging_mixin.py:190} INFO - Dag name:dag_postgres_1 and current dag run status:running
[2025-03-01T01:30:48.411+0000] {taskinstance.py:732} INFO - ::endgroup::
[2025-03-01T01:30:48.983+0000] {python.py:240} INFO - Done. Returned value was: ['AED', 'AFN', 'ALL', 'AMD', 'ANG', 'AOA', 'ARS', 'AUD', 'AWG', 'AZN', 'BAM', 'BBD', 'BDT', 'BGN', 'BHD', 'BIF', 'BMD', 'BND', 'BOB', 'BRL', 'BSD', 'BTC', 'BTN', 'BWP', 'BYN', 'BZD', 'CAD', 'CDF', 'CHF', 'CLF', 'CLP', 'CNH', 'CNY', 'COP', 'CRC', 'CUC', 'CUP', 'CVE', 'CZK', 'DJF', 'DKK', 'DOP', 'DZD', 'EGP', 'ERN', 'ETB', 'EUR', 'FJD', 'FKP', 'GBP', 'GEL', 'GGP', 'GHS', 'GIP', 'GMD', 'GNF', 'GTQ', 'GYD', 'HKD', 'HNL', 'HRK', 'HTG', 'HUF', 'IDR', 'ILS', 'IMP', 'INR', 'IQD', 'IRR', 'ISK', 'JEP', 'JMD', 'JOD', 'JPY', 'KES', 'KGS', 'KHR', 'KMF', 'KPW', 'KRW', 'KWD', 'KYD', 'KZT', 'LAK', 'LBP', 'LKR', 'LRD', 'LSL', 'LYD', 'MAD', 'MDL', 'MGA', 'MKD', 'MMK', 'MNT', 'MOP', 'MRU', 'MUR', 'MVR', 'MWK', 'MXN', 'MYR', 'MZN', 'NAD', 'NGN', 'NIO', 'NOK', 'NPR', 'NZD', 'OMR', 'PAB', 'PEN', 'PGK', 'PHP', 'PKR', 'PLN', 'PYG', 'QAR', 'RON', 'RSD', 'RUB', 'RWF', 'SAR', 'SBD', 'SCR', 'SDG', 'SEK', 'SGD', 'SHP', 'SLL', 'SOS', 'SRD', 'SSP', 'STD', 'STN', 'SVC', 'SYP', 'SZL', 'THB', 'TJS', 'TMT', 'TND', 'TOP', 'TRY', 'TTD', 'TWD', 'TZS', 'UAH', 'UGX', 'USD', 'UYU', 'UZS', 'VEF', 'VES', 'VND', 'VUV', 'WST', 'XAF', 'XAG', 'XAU', 'XCD', 'XDR', 'XOF', 'XPD', 'XPF', 'XPT', 'YER', 'ZAR', 'ZMW', 'ZWL']
[2025-03-01T01:30:49.005+0000] {taskinstance.py:341} INFO - ::group::Post task execution logs
[2025-03-01T01:30:49.006+0000] {taskinstance.py:353} INFO - Marking task as SUCCESS. dag_id=dag_postgres_1, task_id=get_api_currency, run_id=manual__2025-03-01T01:30:44.355820+00:00, execution_date=20250301T013044, start_date=20250301T013048, end_date=20250301T013049
[2025-03-01T01:30:49.028+0000] {logging_mixin.py:190} INFO - Task instance in success state
[2025-03-01T01:30:49.029+0000] {logging_mixin.py:190} INFO -  Previous state of the Task instance: running
[2025-03-01T01:30:49.029+0000] {logging_mixin.py:190} INFO - Dag name:dag_postgres_1 queued_at:2025-03-01 01:30:44.364312+00:00
[2025-03-01T01:30:49.029+0000] {logging_mixin.py:190} INFO - Task hostname:e6b43e607126 operator:PythonOperator
[2025-03-01T01:30:49.065+0000] {local_task_job_runner.py:266} INFO - Task exited with return code 0
[2025-03-01T01:30:49.089+0000] {taskinstance.py:3901} INFO - 1 downstream tasks scheduled from follow-on schedule check
[2025-03-01T01:30:49.094+0000] {local_task_job_runner.py:245} INFO - ::endgroup::
