[2025-03-01T02:14:05.650+0000] {local_task_job_runner.py:123} INFO - ::group::Pre task execution logs
[2025-03-01T02:14:05.670+0000] {taskinstance.py:2614} INFO - Dependencies all met for dep_context=non-requeueable deps ti=<TaskInstance: dag_postgres_1.generate_orders_data manual__2025-03-01T02:14:00.511630+00:00 [queued]>
[2025-03-01T02:14:05.680+0000] {taskinstance.py:2614} INFO - Dependencies all met for dep_context=requeueable deps ti=<TaskInstance: dag_postgres_1.generate_orders_data manual__2025-03-01T02:14:00.511630+00:00 [queued]>
[2025-03-01T02:14:05.680+0000] {taskinstance.py:2867} INFO - Starting attempt 1 of 2
[2025-03-01T02:14:05.696+0000] {taskinstance.py:2890} INFO - Executing <Task(PythonOperator): generate_orders_data> on 2025-03-01 02:14:00.511630+00:00
[2025-03-01T02:14:05.706+0000] {standard_task_runner.py:104} INFO - Running: ['***', 'tasks', 'run', 'dag_postgres_1', 'generate_orders_data', 'manual__2025-03-01T02:14:00.511630+00:00', '--job-id', '107', '--raw', '--subdir', 'DAGS_FOLDER/dag_generate_table_info.py', '--cfg-path', '/tmp/tmp5y7f1f9v']
[2025-03-01T02:14:05.708+0000] {standard_task_runner.py:105} INFO - Job 107: Subtask generate_orders_data
[2025-03-01T02:14:05.708+0000] {logging_mixin.py:190} WARNING - /home/***/.local/lib/python3.12/site-packages/***/task/task_runner/standard_task_runner.py:70 DeprecationWarning: This process (pid=61167) is multi-threaded, use of fork() may lead to deadlocks in the child.
[2025-03-01T02:14:05.709+0000] {standard_task_runner.py:72} INFO - Started process 61168 to run task
[2025-03-01T02:14:05.753+0000] {task_command.py:467} INFO - Running <TaskInstance: dag_postgres_1.generate_orders_data manual__2025-03-01T02:14:00.511630+00:00 [running]> on host e6b43e607126
[2025-03-01T02:14:05.846+0000] {taskinstance.py:3134} INFO - Exporting env vars: AIRFLOW_CTX_DAG_EMAIL='kucikm23@gmail.com' AIRFLOW_CTX_DAG_OWNER='***' AIRFLOW_CTX_DAG_ID='dag_postgres_1' AIRFLOW_CTX_TASK_ID='generate_orders_data' AIRFLOW_CTX_EXECUTION_DATE='2025-03-01T02:14:00.511630+00:00' AIRFLOW_CTX_TRY_NUMBER='1' AIRFLOW_CTX_DAG_RUN_ID='manual__2025-03-01T02:14:00.511630+00:00'
[2025-03-01T02:14:05.847+0000] {logging_mixin.py:190} INFO - Task instance is in running state
[2025-03-01T02:14:05.848+0000] {logging_mixin.py:190} INFO -  Previous state of the Task instance: queued
[2025-03-01T02:14:05.848+0000] {logging_mixin.py:190} INFO - Current task name:generate_orders_data state:running start_date:2025-03-01 02:14:05.670682+00:00
[2025-03-01T02:14:05.849+0000] {logging_mixin.py:190} INFO - Dag name:dag_postgres_1 and current dag run status:running
[2025-03-01T02:14:05.849+0000] {taskinstance.py:732} INFO - ::endgroup::
[2025-03-01T02:14:06.052+0000] {logging_mixin.py:190} INFO -                                order_id        customer_email  ...  amount  currency
0  5cd0eb93-af08-41dc-bad7-0c7d8e155c91  user4572@example.com  ...  109.32       MNT
1  366bb853-e0c4-49eb-abd3-a6f6d510d939  user2272@example.com  ...  239.18       NOK
2  227fe321-71aa-4949-bb77-6acdc6fb00b2  user9195@example.com  ...  732.23       MWK
3  09d88746-28e0-47fa-a369-4e80ec6550b7  user7841@example.com  ...  342.71       KGS
4  d3cf6cfd-b9a7-42e9-ad8a-67aa2186355b  user3434@example.com  ...  925.61       SHP

[5 rows x 5 columns]
[2025-03-01T02:14:06.055+0000] {python.py:240} INFO - Done. Returned value was:                                    order_id  ... currency
0      5cd0eb93-af08-41dc-bad7-0c7d8e155c91  ...      MNT
1      366bb853-e0c4-49eb-abd3-a6f6d510d939  ...      NOK
2      227fe321-71aa-4949-bb77-6acdc6fb00b2  ...      MWK
3      09d88746-28e0-47fa-a369-4e80ec6550b7  ...      KGS
4      d3cf6cfd-b9a7-42e9-ad8a-67aa2186355b  ...      SHP
...                                     ...  ...      ...
19995  4792149c-aa30-4325-ad1f-16c3f48c0d30  ...      LAK
19996  8f2baca5-6949-47de-8f59-9da55be90060  ...      CAD
19997  2a5db0c8-d72e-4493-b8c8-9d196ffcd441  ...      CNH
19998  5a992833-6179-4d16-8642-d7334c7328f3  ...      PLN
19999  96e050d8-e76b-4f33-a7de-6c4d9a77989a  ...      FKP

[20000 rows x 5 columns]
[2025-03-01T02:14:06.245+0000] {taskinstance.py:341} INFO - ::group::Post task execution logs
[2025-03-01T02:14:06.245+0000] {taskinstance.py:353} INFO - Marking task as SUCCESS. dag_id=dag_postgres_1, task_id=generate_orders_data, run_id=manual__2025-03-01T02:14:00.511630+00:00, execution_date=20250301T021400, start_date=20250301T021405, end_date=20250301T021406
[2025-03-01T02:14:06.269+0000] {logging_mixin.py:190} INFO - Task instance in success state
[2025-03-01T02:14:06.269+0000] {logging_mixin.py:190} INFO -  Previous state of the Task instance: running
[2025-03-01T02:14:06.269+0000] {logging_mixin.py:190} INFO - Dag name:dag_postgres_1 queued_at:2025-03-01 02:14:00.519714+00:00
[2025-03-01T02:14:06.270+0000] {logging_mixin.py:190} INFO - Task hostname:e6b43e607126 operator:PythonOperator
[2025-03-01T02:14:06.286+0000] {local_task_job_runner.py:266} INFO - Task exited with return code 0
[2025-03-01T02:14:06.305+0000] {taskinstance.py:3901} INFO - 1 downstream tasks scheduled from follow-on schedule check
[2025-03-01T02:14:06.310+0000] {local_task_job_runner.py:245} INFO - ::endgroup::
